<?xml version="1.0" encoding="UTF-8"?>
<!-- Generated by org.testng.reporters.JUnitReportReporter -->
<testsuite hostname="ORBCHNDES-152A" name="Smoketest.Homepage" tests="2" failures="0" timestamp="21 Apr 2017 13:28:33 GMT" time="26.179" errors="0">
  <testcase name="screenshot" time="11.840" classname="Smoketest.Homepage"/>
  <testcase name="smoke" time="14.339" classname="Smoketest.Homepage"/>
</testsuite> <!-- Smoketest.Homepage -->
